{"C:\\Users\\deved\\source\\repos\\JavaScript\\UnitTestingWithJest\\priceCalculator.js": {"path":"C:\\Users\\deved\\source\\repos\\JavaScript\\UnitTestingWithJest\\priceCalculator.js","statementMap":{"0":{"start":{"line":2,"column":4},"end":{"line":2,"column":35}},"1":{"start":{"line":4,"column":0},"end":{"line":4,"column":37}}},"fnMap":{"0":{"name":"calculateTotalPrice","decl":{"start":{"line":1,"column":9},"end":{"line":1,"column":28}},"loc":{"start":{"line":1,"column":53},"end":{"line":3,"column":1}},"line":1}},"branchMap":{},"s":{"0":1,"1":1},"f":{"0":1},"b":{},"_coverageSchema":"1a1c01bbd47fc00a2c39e90264f33305004495a9","hash":"2a6a145ffe5a9d25562b2cfc8d64f922c22a45b3"}
}
